D:\RESEARCH\GML\PRJ\GML\DEBUG\GML.EXE
D:\RESEARCH\GML\PRJ\GML\DEBUG\GML.ILK
D:\RESEARCH\GML\PRJ\GML\DEBUG\GML.PDB
D:\Research\gml\prj\gml\gml\Debug\cl.command.1.tlog
D:\Research\gml\prj\gml\gml\Debug\CL.read.1.tlog
D:\Research\gml\prj\gml\gml\Debug\CL.write.1.tlog
D:\RESEARCH\GML\PRJ\GML\GML\DEBUG\GML.EXE.EMBED.MANIFEST
D:\RESEARCH\GML\PRJ\GML\GML\DEBUG\GML.EXE.EMBED.MANIFEST.RES
D:\RESEARCH\GML\PRJ\GML\GML\DEBUG\GML.EXE.INTERMEDIATE.MANIFEST
D:\RESEARCH\GML\PRJ\GML\GML\DEBUG\GML.OBJ
D:\RESEARCH\GML\PRJ\GML\GML\DEBUG\GML.PCH
D:\Research\gml\prj\gml\gml\Debug\gml_manifest.rc
D:\RESEARCH\GML\PRJ\GML\GML\DEBUG\GTVECTOR.OBJ
D:\Research\gml\prj\gml\gml\Debug\link.3460.read.1.tlog
D:\Research\gml\prj\gml\gml\Debug\link.3460.write.1.tlog
D:\Research\gml\prj\gml\gml\Debug\link.3460-cvtres.read.1.tlog
D:\Research\gml\prj\gml\gml\Debug\link.3460-cvtres.write.1.tlog
D:\Research\gml\prj\gml\gml\Debug\link.command.1.tlog
D:\Research\gml\prj\gml\gml\Debug\link.read.1.tlog
D:\Research\gml\prj\gml\gml\Debug\link.write.1.tlog
D:\Research\gml\prj\gml\gml\Debug\link-cvtres.read.1.tlog
D:\Research\gml\prj\gml\gml\Debug\link-cvtres.write.1.tlog
D:\Research\gml\prj\gml\gml\Debug\mt.command.1.tlog
D:\Research\gml\prj\gml\gml\Debug\mt.read.1.tlog
D:\Research\gml\prj\gml\gml\Debug\mt.write.1.tlog
D:\Research\gml\prj\gml\gml\Debug\rc.command.1.tlog
D:\Research\gml\prj\gml\gml\Debug\rc.read.1.tlog
D:\Research\gml\prj\gml\gml\Debug\rc.write.1.tlog
D:\RESEARCH\GML\PRJ\GML\GML\DEBUG\STDAFX.OBJ
D:\Research\gml\prj\gml\gml\Debug\vc100.idb
D:\RESEARCH\GML\PRJ\GML\GML\DEBUG\VC100.PDB
